<?xml version="1.0" encoding="UTF-8"?>
<!-- Generated by org.testng.reporters.JUnitReportReporter -->
<testsuite hostname="LAPTOP-DN3EC3VP" failures="0" tests="3" name="listenersDemo.TestNGListenerDemo2" time="0.007" errors="0" timestamp="2023-12-01T23:24:03 IST" skipped="1">
  <testcase classname="listenersDemo.TestNGListenerDemo2" name="test6" time="0.003">
    <skipped/>
  </testcase> <!-- test6 -->
  <testcase classname="listenersDemo.TestNGListenerDemo2" name="test5" time="0.002"/>
  <testcase classname="listenersDemo.TestNGListenerDemo2" name="test4" time="0.002"/>
</testsuite> <!-- listenersDemo.TestNGListenerDemo2 -->
